[debug] [2017-09-04T07:49:08.695Z] ----------------------------------------------------------------------
[debug] [2017-09-04T07:49:08.697Z] Command:       C:\Program Files\nodejs\node.exe C:\Users\B85\AppData\Roaming\npm\node_modules\firebase-tools\bin\firebase deploy --project one-time-password-e3a68
[debug] [2017-09-04T07:49:08.698Z] CLI Version:   3.10.0
[debug] [2017-09-04T07:49:08.698Z] Platform:      win32
[debug] [2017-09-04T07:49:08.698Z] Node Version:  v6.10.1
[debug] [2017-09-04T07:49:08.698Z] Time:          Mon Sep 04 2017 14:49:08 GMT+0700 (SE Asia Standard Time)
[debug] [2017-09-04T07:49:08.698Z] ----------------------------------------------------------------------
[debug] 
[debug] [2017-09-04T07:49:08.710Z] > command requires scopes: ["email","openid","https://www.googleapis.com/auth/cloudplatformprojects.readonly","https://www.googleapis.com/auth/firebase","https://www.googleapis.com/auth/cloud-platform"]
[debug] [2017-09-04T07:49:08.710Z] > authorizing via signed-in user
[debug] [2017-09-04T07:49:08.712Z] > refreshing access token with scopes: ["email","https://www.googleapis.com/auth/cloud-platform","https://www.googleapis.com/auth/cloudplatformprojects.readonly","https://www.googleapis.com/auth/firebase","openid"]
[debug] [2017-09-04T07:49:08.712Z] >>> HTTP REQUEST POST https://www.googleapis.com/oauth2/v3/token { refresh_token: '1/dH6WGahX2YVWe2nwkltjj_Tf_woDMYonLi4A5LJkiro',
  client_id: '563584335869-fgrhgmd47bqnekij5i8b5pr03ho849e6.apps.googleusercontent.com',
  client_secret: 'j9iVZfS8kkCEFUPaAeJV0sAi',
  grant_type: 'refresh_token',
  scope: 'email https://www.googleapis.com/auth/cloud-platform https://www.googleapis.com/auth/cloudplatformprojects.readonly https://www.googleapis.com/auth/firebase openid' } 
 Mon Sep 04 2017 14:49:08 GMT+0700 (SE Asia Standard Time)
[debug] [2017-09-04T07:49:12.323Z] <<< HTTP RESPONSE 200
[debug] [2017-09-04T07:49:12.327Z] >>> HTTP REQUEST GET https://admin.firebase.com/v1/projects/one-time-password-e3a68  
 Mon Sep 04 2017 14:49:12 GMT+0700 (SE Asia Standard Time)
[debug] [2017-09-04T07:49:15.743Z] <<< HTTP RESPONSE 200
[debug] [2017-09-04T07:49:15.743Z] >>> HTTP REQUEST GET https://admin.firebase.com/v1/database/one-time-password-e3a68/tokens  
 Mon Sep 04 2017 14:49:15 GMT+0700 (SE Asia Standard Time)
[debug] [2017-09-04T07:50:23.988Z] ----------------------------------------------------------------------
[debug] [2017-09-04T07:50:23.990Z] Command:       C:\Program Files\nodejs\node.exe C:\Users\B85\AppData\Roaming\npm\node_modules\firebase-tools\bin\firebase deploy --project one-time-password-e3a68
[debug] [2017-09-04T07:50:23.990Z] CLI Version:   3.10.0
[debug] [2017-09-04T07:50:23.990Z] Platform:      win32
[debug] [2017-09-04T07:50:23.990Z] Node Version:  v6.10.1
[debug] [2017-09-04T07:50:23.991Z] Time:          Mon Sep 04 2017 14:50:23 GMT+0700 (SE Asia Standard Time)
[debug] [2017-09-04T07:50:23.991Z] ----------------------------------------------------------------------
[debug] 
[debug] [2017-09-04T07:50:24.003Z] > command requires scopes: ["email","openid","https://www.googleapis.com/auth/cloudplatformprojects.readonly","https://www.googleapis.com/auth/firebase","https://www.googleapis.com/auth/cloud-platform"]
[debug] [2017-09-04T07:50:24.007Z] > authorizing via signed-in user
[debug] [2017-09-04T07:50:24.009Z] >>> HTTP REQUEST GET https://admin.firebase.com/v1/projects/one-time-password-e3a68  
 Mon Sep 04 2017 14:50:24 GMT+0700 (SE Asia Standard Time)
[debug] [2017-09-04T07:51:02.661Z] Error: read ECONNRESET
    at exports._errnoException (util.js:1018:11)
    at TLSWrap.onread (net.js:572:26)
[error] 
[error] Error: Server Error. read ECONNRESET
[debug] [2017-09-04T07:51:09.993Z] ----------------------------------------------------------------------
[debug] [2017-09-04T07:51:09.993Z] Command:       C:\Program Files\nodejs\node.exe C:\Users\B85\AppData\Roaming\npm\node_modules\firebase-tools\bin\firebase deploy --project one-time-password-e3a68
[debug] [2017-09-04T07:51:09.993Z] CLI Version:   3.10.0
[debug] [2017-09-04T07:51:09.993Z] Platform:      win32
[debug] [2017-09-04T07:51:09.993Z] Node Version:  v6.10.1
[debug] [2017-09-04T07:51:09.993Z] Time:          Mon Sep 04 2017 14:51:09 GMT+0700 (SE Asia Standard Time)
[debug] [2017-09-04T07:51:09.993Z] ----------------------------------------------------------------------
[debug] 
[debug] [2017-09-04T07:51:10.009Z] > command requires scopes: ["email","openid","https://www.googleapis.com/auth/cloudplatformprojects.readonly","https://www.googleapis.com/auth/firebase","https://www.googleapis.com/auth/cloud-platform"]
[debug] [2017-09-04T07:51:10.009Z] > authorizing via signed-in user
[debug] [2017-09-04T07:51:10.009Z] >>> HTTP REQUEST GET https://admin.firebase.com/v1/projects/one-time-password-e3a68  
 Mon Sep 04 2017 14:51:10 GMT+0700 (SE Asia Standard Time)
[debug] [2017-09-04T07:51:11.510Z] <<< HTTP RESPONSE 200
[debug] [2017-09-04T07:51:11.510Z] >>> HTTP REQUEST GET https://admin.firebase.com/v1/database/one-time-password-e3a68/tokens  
 Mon Sep 04 2017 14:51:11 GMT+0700 (SE Asia Standard Time)
[debug] [2017-09-04T07:51:52.414Z] ----------------------------------------------------------------------
[debug] [2017-09-04T07:51:52.414Z] Command:       C:\Program Files\nodejs\node.exe C:\Users\B85\AppData\Roaming\npm\node_modules\firebase-tools\bin\firebase deploy --project one-time-password-e3a68
[debug] [2017-09-04T07:51:52.430Z] CLI Version:   3.10.0
[debug] [2017-09-04T07:51:52.430Z] Platform:      win32
[debug] [2017-09-04T07:51:52.430Z] Node Version:  v6.10.1
[debug] [2017-09-04T07:51:52.430Z] Time:          Mon Sep 04 2017 14:51:52 GMT+0700 (SE Asia Standard Time)
[debug] [2017-09-04T07:51:52.430Z] ----------------------------------------------------------------------
[debug] 
[debug] [2017-09-04T07:51:52.430Z] > command requires scopes: ["email","openid","https://www.googleapis.com/auth/cloudplatformprojects.readonly","https://www.googleapis.com/auth/firebase","https://www.googleapis.com/auth/cloud-platform"]
[debug] [2017-09-04T07:51:52.430Z] > authorizing via signed-in user
[debug] [2017-09-04T07:51:52.430Z] >>> HTTP REQUEST GET https://admin.firebase.com/v1/projects/one-time-password-e3a68  
 Mon Sep 04 2017 14:51:52 GMT+0700 (SE Asia Standard Time)
[debug] [2017-09-04T07:52:35.713Z] <<< HTTP RESPONSE 200
[debug] [2017-09-04T07:52:35.713Z] >>> HTTP REQUEST GET https://admin.firebase.com/v1/database/one-time-password-e3a68/tokens  
 Mon Sep 04 2017 14:52:35 GMT+0700 (SE Asia Standard Time)
[debug] [2017-09-04T07:52:38.543Z] <<< HTTP RESPONSE 200
[info] 
[info] === Deploying to 'one-time-password-e3a68'...
[info] 
[info] i  deploying functions
[debug] [2017-09-04T07:53:57.644Z] > [functions] package.json contents: {
  "name": "functions",
  "description": "Cloud Functions for Firebase",
  "dependencies": {
    "firebase-admin": "~4.2.1",
    "firebase-functions": "^0.5.7",
    "twilio": "^3.0.0-rc.13"
  },
  "private": true
}
[info] i  functions: ensuring necessary APIs are enabled...
[info] i  runtimeconfig: ensuring necessary APIs are enabled...
[debug] [2017-09-04T07:53:57.644Z] >>> HTTP REQUEST GET https://servicemanagement.googleapis.com/v1/services/cloudfunctions.googleapis.com/projectSettings/one-time-password-e3a68?view=CONSUMER_VIEW  
 Mon Sep 04 2017 14:53:57 GMT+0700 (SE Asia Standard Time)
[debug] [2017-09-04T07:53:57.644Z] >>> HTTP REQUEST GET https://servicemanagement.googleapis.com/v1/services/runtimeconfig.googleapis.com/projectSettings/one-time-password-e3a68?view=CONSUMER_VIEW  
 Mon Sep 04 2017 14:53:57 GMT+0700 (SE Asia Standard Time)
[debug] [2017-09-04T07:54:05.062Z] ----------------------------------------------------------------------
[debug] [2017-09-04T07:54:05.062Z] Command:       C:\Program Files\nodejs\node.exe C:\Users\B85\AppData\Roaming\npm\node_modules\firebase-tools\bin\firebase login
[debug] [2017-09-04T07:54:05.062Z] CLI Version:   3.10.0
[debug] [2017-09-04T07:54:05.062Z] Platform:      win32
[debug] [2017-09-04T07:54:05.062Z] Node Version:  v6.10.1
[debug] [2017-09-04T07:54:05.062Z] Time:          Mon Sep 04 2017 14:54:05 GMT+0700 (SE Asia Standard Time)
[debug] [2017-09-04T07:54:05.062Z] ----------------------------------------------------------------------
[debug] 
[info] Already logged in as thaybunlong20@gmail.com
[debug] [2017-09-04T07:54:15.794Z] ----------------------------------------------------------------------
[debug] [2017-09-04T07:54:15.794Z] Command:       C:\Program Files\nodejs\node.exe C:\Users\B85\AppData\Roaming\npm\node_modules\firebase-tools\bin\firebase deploy --project one-time-password-e3a68
[debug] [2017-09-04T07:54:15.794Z] CLI Version:   3.10.0
[debug] [2017-09-04T07:54:15.794Z] Platform:      win32
[debug] [2017-09-04T07:54:15.794Z] Node Version:  v6.10.1
[debug] [2017-09-04T07:54:15.794Z] Time:          Mon Sep 04 2017 14:54:15 GMT+0700 (SE Asia Standard Time)
[debug] [2017-09-04T07:54:15.794Z] ----------------------------------------------------------------------
[debug] 
[debug] [2017-09-04T07:54:15.817Z] > command requires scopes: ["email","openid","https://www.googleapis.com/auth/cloudplatformprojects.readonly","https://www.googleapis.com/auth/firebase","https://www.googleapis.com/auth/cloud-platform"]
[debug] [2017-09-04T07:54:15.817Z] > authorizing via signed-in user
[debug] [2017-09-04T07:54:15.819Z] >>> HTTP REQUEST GET https://admin.firebase.com/v1/projects/one-time-password-e3a68  
 Mon Sep 04 2017 14:54:15 GMT+0700 (SE Asia Standard Time)
[debug] [2017-09-04T07:54:30.573Z] <<< HTTP RESPONSE 200
[debug] [2017-09-04T07:54:30.574Z] >>> HTTP REQUEST GET https://admin.firebase.com/v1/database/one-time-password-e3a68/tokens  
 Mon Sep 04 2017 14:54:30 GMT+0700 (SE Asia Standard Time)
[debug] [2017-09-04T07:54:40.447Z] <<< HTTP RESPONSE 200
[info] 
[info] === Deploying to 'one-time-password-e3a68'...
[info] 
[info] i  deploying functions
[debug] [2017-09-04T07:54:48.319Z] > [functions] package.json contents: {
  "name": "functions",
  "description": "Cloud Functions for Firebase",
  "dependencies": {
    "firebase-admin": "~4.2.1",
    "firebase-functions": "^0.5.7",
    "twilio": "^3.0.0-rc.13"
  },
  "private": true
}
[info] i  functions: ensuring necessary APIs are enabled...
[info] i  runtimeconfig: ensuring necessary APIs are enabled...
[debug] [2017-09-04T07:54:48.321Z] >>> HTTP REQUEST GET https://servicemanagement.googleapis.com/v1/services/cloudfunctions.googleapis.com/projectSettings/one-time-password-e3a68?view=CONSUMER_VIEW  
 Mon Sep 04 2017 14:54:48 GMT+0700 (SE Asia Standard Time)
[debug] [2017-09-04T07:54:48.327Z] >>> HTTP REQUEST GET https://servicemanagement.googleapis.com/v1/services/runtimeconfig.googleapis.com/projectSettings/one-time-password-e3a68?view=CONSUMER_VIEW  
 Mon Sep 04 2017 14:54:48 GMT+0700 (SE Asia Standard Time)
[debug] [2017-09-04T07:54:56.813Z] <<< HTTP RESPONSE 200
[info] +  functions: all necessary APIs are enabled
[debug] [2017-09-04T07:57:17.990Z] ----------------------------------------------------------------------
[debug] [2017-09-04T07:57:17.990Z] Command:       C:\Program Files\nodejs\node.exe C:\Users\B85\AppData\Roaming\npm\node_modules\firebase-tools\bin\firebase deploy --project one-time-password-e3a68
[debug] [2017-09-04T07:57:17.990Z] CLI Version:   3.10.0
[debug] [2017-09-04T07:57:17.990Z] Platform:      win32
[debug] [2017-09-04T07:57:17.990Z] Node Version:  v6.10.1
[debug] [2017-09-04T07:57:17.990Z] Time:          Mon Sep 04 2017 14:57:17 GMT+0700 (SE Asia Standard Time)
[debug] [2017-09-04T07:57:17.990Z] ----------------------------------------------------------------------
[debug] 
[debug] [2017-09-04T07:57:18.008Z] > command requires scopes: ["email","openid","https://www.googleapis.com/auth/cloudplatformprojects.readonly","https://www.googleapis.com/auth/firebase","https://www.googleapis.com/auth/cloud-platform"]
[debug] [2017-09-04T07:57:18.009Z] > authorizing via signed-in user
[debug] [2017-09-04T07:57:18.010Z] >>> HTTP REQUEST GET https://admin.firebase.com/v1/projects/one-time-password-e3a68  
 Mon Sep 04 2017 14:57:18 GMT+0700 (SE Asia Standard Time)
[debug] [2017-09-04T07:57:20.776Z] <<< HTTP RESPONSE 200
[debug] [2017-09-04T07:57:20.776Z] >>> HTTP REQUEST GET https://admin.firebase.com/v1/database/one-time-password-e3a68/tokens  
 Mon Sep 04 2017 14:57:20 GMT+0700 (SE Asia Standard Time)
[debug] [2017-09-04T07:57:24.328Z] <<< HTTP RESPONSE 200
[info] 
[info] === Deploying to 'one-time-password-e3a68'...
[info] 
[info] i  deploying functions
[debug] [2017-09-04T07:57:26.981Z] > [functions] package.json contents: {
  "name": "functions",
  "description": "Cloud Functions for Firebase",
  "dependencies": {
    "firebase-admin": "~4.2.1",
    "firebase-functions": "^0.5.7",
    "twilio": "^3.0.0-rc.13"
  },
  "private": true
}
[info] i  functions: ensuring necessary APIs are enabled...
[info] i  runtimeconfig: ensuring necessary APIs are enabled...
[debug] [2017-09-04T07:57:26.981Z] >>> HTTP REQUEST GET https://servicemanagement.googleapis.com/v1/services/cloudfunctions.googleapis.com/projectSettings/one-time-password-e3a68?view=CONSUMER_VIEW  
 Mon Sep 04 2017 14:57:26 GMT+0700 (SE Asia Standard Time)
[debug] [2017-09-04T07:57:26.981Z] >>> HTTP REQUEST GET https://servicemanagement.googleapis.com/v1/services/runtimeconfig.googleapis.com/projectSettings/one-time-password-e3a68?view=CONSUMER_VIEW  
 Mon Sep 04 2017 14:57:26 GMT+0700 (SE Asia Standard Time)
[debug] [2017-09-04T07:57:28.474Z] <<< HTTP RESPONSE 200
[info] +  runtimeconfig: all necessary APIs are enabled
[debug] [2017-09-04T07:57:29.490Z] <<< HTTP RESPONSE 200
[info] +  functions: all necessary APIs are enabled
[debug] [2017-09-04T07:57:29.490Z] >>> HTTP REQUEST GET https://appengine.googleapis.com/v1/apps/one-time-password-e3a68  
 Mon Sep 04 2017 14:57:29 GMT+0700 (SE Asia Standard Time)
[debug] [2017-09-04T07:57:29.490Z] >>> HTTP REQUEST GET https://apikeys.googleapis.com/v1/projects/one-time-password-e3a68/apiKeys  
 Mon Sep 04 2017 14:57:29 GMT+0700 (SE Asia Standard Time)
[debug] [2017-09-04T07:57:30.900Z] <<< HTTP RESPONSE 200
[debug] [2017-09-04T07:57:31.367Z] <<< HTTP RESPONSE 200
[info] i  functions: preparing functions directory for uploading...
[debug] [2017-09-04T07:57:35.367Z] >>> HTTP REQUEST GET https://runtimeconfig.googleapis.com/v1beta1/projects/one-time-password-e3a68/configs  
 Mon Sep 04 2017 14:57:35 GMT+0700 (SE Asia Standard Time)
[debug] [2017-09-04T07:57:38.609Z] <<< HTTP RESPONSE 200
[info] i  functions: packaged functions (5.03 KB) for uploading
[debug] [2017-09-04T07:57:41.069Z] >>> HTTP REQUEST GET https://www.googleapis.com/storage/v1/b/staging.one-time-password-e3a68.appspot.com  
 Mon Sep 04 2017 14:57:41 GMT+0700 (SE Asia Standard Time)
[debug] [2017-09-04T07:57:41.822Z] <<< HTTP RESPONSE 200
[debug] [2017-09-04T07:57:41.822Z] >>> HTTP REQUEST POST https://www.googleapis.com/upload/storage/v1/b/staging.one-time-password-e3a68.appspot.com/o?uploadType=media&name=firebase-functions-source ReadStream {
  _readableState: 
   ReadableState {
     objectMode: false,
     highWaterMark: 65536,
     buffer: BufferList { head: [Object], tail: [Object], length: 1 },
     length: 5146,
     pipes: null,
     pipesCount: 0,
     flowing: null,
     ended: true,
     endEmitted: false,
     reading: false,
     sync: false,
     needReadable: false,
     emittedReadable: true,
     readableListening: false,
     resumeScheduled: false,
     defaultEncoding: 'utf8',
     ranOut: false,
     awaitDrain: 0,
     readingMore: false,
     decoder: null,
     encoding: null },
  readable: true,
  domain: null,
  _events: { end: [Function] },
  _eventsCount: 1,
  _maxListeners: undefined,
  path: 'C:\\Users\\B85\\AppData\\Local\\Temp\\firebase-functions-10120VEk7tPHHdQee.zip',
  fd: 5,
  flags: 'r',
  mode: 438,
  start: undefined,
  end: undefined,
  autoClose: true,
  pos: undefined,
  bytesRead: 5146 } 
 Mon Sep 04 2017 14:57:41 GMT+0700 (SE Asia Standard Time)
[debug] [2017-09-04T07:57:42.943Z] <<< HTTP RESPONSE 200
[info] +  functions: functions folder uploaded successfully
[info] i  starting release process (may take several minutes)...
[debug] [2017-09-04T07:57:42.943Z] >>> HTTP REQUEST GET https://cloudfunctions.googleapis.com/v1beta2/projects/one-time-password-e3a68/locations/us-central1/functions  
 Mon Sep 04 2017 14:57:42 GMT+0700 (SE Asia Standard Time)
[debug] [2017-09-04T07:57:44.403Z] <<< HTTP RESPONSE 200
[info] i  functions: deleting function createPassword...
[info] i  functions: deleting function verifyPassword...
[info] i  functions: creating function verifyOneTimePassword...
[debug] [2017-09-04T07:57:44.419Z] Trigger is: 
[info] i  functions: updating function createUser...
[debug] [2017-09-04T07:57:44.419Z] Trigger is: 
[info] i  functions: updating function requestOneTimePassword...
[debug] [2017-09-04T07:57:44.419Z] Trigger is: 
[debug] [2017-09-04T07:57:44.419Z] >>> HTTP REQUEST DELETE https://cloudfunctions.googleapis.com/v1beta2/projects/one-time-password-e3a68/locations/us-central1/functions/createPassword  
 Mon Sep 04 2017 14:57:44 GMT+0700 (SE Asia Standard Time)
[debug] [2017-09-04T07:57:44.419Z] >>> HTTP REQUEST DELETE https://cloudfunctions.googleapis.com/v1beta2/projects/one-time-password-e3a68/locations/us-central1/functions/verifyPassword  
 Mon Sep 04 2017 14:57:44 GMT+0700 (SE Asia Standard Time)
[debug] [2017-09-04T07:57:44.419Z] >>> HTTP REQUEST POST https://cloudfunctions.googleapis.com/v1beta2/projects/one-time-password-e3a68/locations/us-central1/functions { sourceArchiveUrl: 'gs://staging.one-time-password-e3a68.appspot.com/firebase-functions-source',
  name: 'projects/one-time-password-e3a68/locations/us-central1/functions/verifyOneTimePassword',
  entryPoint: 'verifyOneTimePassword',
  httpsTrigger: {} } 
 Mon Sep 04 2017 14:57:44 GMT+0700 (SE Asia Standard Time)
[debug] [2017-09-04T07:57:44.419Z] >>> HTTP REQUEST PUT https://cloudfunctions.googleapis.com/v1beta2/projects/one-time-password-e3a68/locations/us-central1/functions/createUser { sourceArchiveUrl: 'gs://staging.one-time-password-e3a68.appspot.com/firebase-functions-source',
  name: 'projects/one-time-password-e3a68/locations/us-central1/functions/createUser',
  entryPoint: 'createUser',
  timeout: '60s',
  availableMemoryMb: 256,
  httpsTrigger: {} } 
 Mon Sep 04 2017 14:57:44 GMT+0700 (SE Asia Standard Time)
[debug] [2017-09-04T07:57:44.419Z] >>> HTTP REQUEST PUT https://cloudfunctions.googleapis.com/v1beta2/projects/one-time-password-e3a68/locations/us-central1/functions/requestOneTimePassword { sourceArchiveUrl: 'gs://staging.one-time-password-e3a68.appspot.com/firebase-functions-source',
  name: 'projects/one-time-password-e3a68/locations/us-central1/functions/requestOneTimePassword',
  entryPoint: 'requestOneTimePassword',
  timeout: '60s',
  availableMemoryMb: 256,
  httpsTrigger: {} } 
 Mon Sep 04 2017 14:57:44 GMT+0700 (SE Asia Standard Time)
[debug] [2017-09-04T07:57:45.605Z] <<< HTTP RESPONSE 200
[debug] [2017-09-04T07:57:45.608Z] <<< HTTP RESPONSE 200
[debug] [2017-09-04T07:57:45.687Z] <<< HTTP RESPONSE 200
[debug] [2017-09-04T07:57:46.109Z] <<< HTTP RESPONSE 200
[debug] [2017-09-04T07:57:46.156Z] <<< HTTP RESPONSE 200
[debug] [2017-09-04T07:57:46.156Z] >>> HTTP REQUEST GET https://cloudfunctions.googleapis.com/v1beta2/projects/one-time-password-e3a68/locations/us-central1/functions  
 Mon Sep 04 2017 14:57:46 GMT+0700 (SE Asia Standard Time)
[debug] [2017-09-04T07:57:46.156Z] >>> HTTP REQUEST GET https://cloudfunctions.googleapis.com/v1beta2/operations/b25lLXRpbWUtcGFzc3dvcmQtZTNhNjgvdXMtY2VudHJhbDEvdmVyaWZ5T25lVGltZVBhc3N3b3JkL1R2bkRNblExb3Fn  
 Mon Sep 04 2017 14:57:46 GMT+0700 (SE Asia Standard Time)
[debug] [2017-09-04T07:57:46.172Z] >>> HTTP REQUEST GET https://cloudfunctions.googleapis.com/v1beta2/operations/b25lLXRpbWUtcGFzc3dvcmQtZTNhNjgvdXMtY2VudHJhbDEvY3JlYXRlVXNlci8xZURTOTVqbVlnVQ  
 Mon Sep 04 2017 14:57:46 GMT+0700 (SE Asia Standard Time)
[debug] [2017-09-04T07:57:46.172Z] >>> HTTP REQUEST GET https://cloudfunctions.googleapis.com/v1beta2/operations/b25lLXRpbWUtcGFzc3dvcmQtZTNhNjgvdXMtY2VudHJhbDEvcmVxdWVzdE9uZVRpbWVQYXNzd29yZC80MVI4N3B0eW5wYw  
 Mon Sep 04 2017 14:57:46 GMT+0700 (SE Asia Standard Time)
[debug] [2017-09-04T07:57:46.172Z] >>> HTTP REQUEST GET https://cloudfunctions.googleapis.com/v1beta2/operations/b25lLXRpbWUtcGFzc3dvcmQtZTNhNjgvdXMtY2VudHJhbDEvY3JlYXRlUGFzc3dvcmQvNVlycFpYZEIwaTg  
 Mon Sep 04 2017 14:57:46 GMT+0700 (SE Asia Standard Time)
[debug] [2017-09-04T07:57:46.172Z] >>> HTTP REQUEST GET https://cloudfunctions.googleapis.com/v1beta2/operations/b25lLXRpbWUtcGFzc3dvcmQtZTNhNjgvdXMtY2VudHJhbDEvdmVyaWZ5UGFzc3dvcmQvTmg1VXFZNjFUbGs  
 Mon Sep 04 2017 14:57:46 GMT+0700 (SE Asia Standard Time)
[debug] [2017-09-04T07:57:46.825Z] <<< HTTP RESPONSE 200
[debug] [2017-09-04T07:57:47.312Z] <<< HTTP RESPONSE 200
[debug] [2017-09-04T07:57:47.571Z] <<< HTTP RESPONSE 200
[debug] [2017-09-04T07:57:47.605Z] <<< HTTP RESPONSE 200
[debug] [2017-09-04T07:57:47.624Z] <<< HTTP RESPONSE 200
[debug] [2017-09-04T07:57:47.771Z] <<< HTTP RESPONSE 200
[debug] [2017-09-04T07:57:47.771Z] [functions] operation poll: verifyOneTimePassword: create operations/b25lLXRpbWUtcGFzc3dvcmQtZTNhNjgvdXMtY2VudHJhbDEvdmVyaWZ5T25lVGltZVBhc3N3b3JkL1R2bkRNblExb3Fn is not done.
[debug] [2017-09-04T07:57:47.771Z] [functions] operation poll: createUser: update operations/b25lLXRpbWUtcGFzc3dvcmQtZTNhNjgvdXMtY2VudHJhbDEvY3JlYXRlVXNlci8xZURTOTVqbVlnVQ is not done.
[debug] [2017-09-04T07:57:47.771Z] [functions] operation poll: requestOneTimePassword: update operations/b25lLXRpbWUtcGFzc3dvcmQtZTNhNjgvdXMtY2VudHJhbDEvcmVxdWVzdE9uZVRpbWVQYXNzd29yZC80MVI4N3B0eW5wYw is not done.
[debug] [2017-09-04T07:57:47.771Z] [functions] operation poll: createPassword: delete operations/b25lLXRpbWUtcGFzc3dvcmQtZTNhNjgvdXMtY2VudHJhbDEvY3JlYXRlUGFzc3dvcmQvNVlycFpYZEIwaTg is not done.
[debug] [2017-09-04T07:57:47.771Z] [functions] operation poll: verifyPassword: delete operations/b25lLXRpbWUtcGFzc3dvcmQtZTNhNjgvdXMtY2VudHJhbDEvdmVyaWZ5UGFzc3dvcmQvTmg1VXFZNjFUbGs is not done.
[debug] [2017-09-04T07:57:52.790Z] >>> HTTP REQUEST GET https://cloudfunctions.googleapis.com/v1beta2/operations/b25lLXRpbWUtcGFzc3dvcmQtZTNhNjgvdXMtY2VudHJhbDEvdmVyaWZ5T25lVGltZVBhc3N3b3JkL1R2bkRNblExb3Fn  
 Mon Sep 04 2017 14:57:52 GMT+0700 (SE Asia Standard Time)
[debug] [2017-09-04T07:57:52.790Z] >>> HTTP REQUEST GET https://cloudfunctions.googleapis.com/v1beta2/operations/b25lLXRpbWUtcGFzc3dvcmQtZTNhNjgvdXMtY2VudHJhbDEvY3JlYXRlVXNlci8xZURTOTVqbVlnVQ  
 Mon Sep 04 2017 14:57:52 GMT+0700 (SE Asia Standard Time)
[debug] [2017-09-04T07:57:52.790Z] >>> HTTP REQUEST GET https://cloudfunctions.googleapis.com/v1beta2/operations/b25lLXRpbWUtcGFzc3dvcmQtZTNhNjgvdXMtY2VudHJhbDEvcmVxdWVzdE9uZVRpbWVQYXNzd29yZC80MVI4N3B0eW5wYw  
 Mon Sep 04 2017 14:57:52 GMT+0700 (SE Asia Standard Time)
[debug] [2017-09-04T07:57:52.790Z] >>> HTTP REQUEST GET https://cloudfunctions.googleapis.com/v1beta2/operations/b25lLXRpbWUtcGFzc3dvcmQtZTNhNjgvdXMtY2VudHJhbDEvY3JlYXRlUGFzc3dvcmQvNVlycFpYZEIwaTg  
 Mon Sep 04 2017 14:57:52 GMT+0700 (SE Asia Standard Time)
[debug] [2017-09-04T07:57:52.790Z] >>> HTTP REQUEST GET https://cloudfunctions.googleapis.com/v1beta2/operations/b25lLXRpbWUtcGFzc3dvcmQtZTNhNjgvdXMtY2VudHJhbDEvdmVyaWZ5UGFzc3dvcmQvTmg1VXFZNjFUbGs  
 Mon Sep 04 2017 14:57:52 GMT+0700 (SE Asia Standard Time)
[debug] [2017-09-04T07:57:54.220Z] <<< HTTP RESPONSE 200
[debug] [2017-09-04T07:57:54.473Z] <<< HTTP RESPONSE 200
[debug] [2017-09-04T07:57:55.190Z] <<< HTTP RESPONSE 200
[debug] [2017-09-04T07:57:56.234Z] <<< HTTP RESPONSE 200
[debug] [2017-09-04T07:57:56.234Z] <<< HTTP RESPONSE 200
[debug] [2017-09-04T07:57:56.234Z] [functions] operation poll: verifyOneTimePassword: create operations/b25lLXRpbWUtcGFzc3dvcmQtZTNhNjgvdXMtY2VudHJhbDEvdmVyaWZ5T25lVGltZVBhc3N3b3JkL1R2bkRNblExb3Fn is not done.
[debug] [2017-09-04T07:57:56.234Z] [functions] operation poll: createUser: update operations/b25lLXRpbWUtcGFzc3dvcmQtZTNhNjgvdXMtY2VudHJhbDEvY3JlYXRlVXNlci8xZURTOTVqbVlnVQ is not done.
[debug] [2017-09-04T07:57:56.234Z] [functions] operation poll: requestOneTimePassword: update operations/b25lLXRpbWUtcGFzc3dvcmQtZTNhNjgvdXMtY2VudHJhbDEvcmVxdWVzdE9uZVRpbWVQYXNzd29yZC80MVI4N3B0eW5wYw is not done.
[debug] [2017-09-04T07:57:56.234Z] [functions] operation poll: createPassword: delete operations/b25lLXRpbWUtcGFzc3dvcmQtZTNhNjgvdXMtY2VudHJhbDEvY3JlYXRlUGFzc3dvcmQvNVlycFpYZEIwaTg is done.
[debug] [2017-09-04T07:57:56.234Z] [functions] operation poll: verifyPassword: delete operations/b25lLXRpbWUtcGFzc3dvcmQtZTNhNjgvdXMtY2VudHJhbDEvdmVyaWZ5UGFzc3dvcmQvTmg1VXFZNjFUbGs is not done.
[debug] [2017-09-04T07:58:01.249Z] >>> HTTP REQUEST GET https://cloudfunctions.googleapis.com/v1beta2/operations/b25lLXRpbWUtcGFzc3dvcmQtZTNhNjgvdXMtY2VudHJhbDEvdmVyaWZ5T25lVGltZVBhc3N3b3JkL1R2bkRNblExb3Fn  
 Mon Sep 04 2017 14:58:01 GMT+0700 (SE Asia Standard Time)
[debug] [2017-09-04T07:58:01.249Z] >>> HTTP REQUEST GET https://cloudfunctions.googleapis.com/v1beta2/operations/b25lLXRpbWUtcGFzc3dvcmQtZTNhNjgvdXMtY2VudHJhbDEvY3JlYXRlVXNlci8xZURTOTVqbVlnVQ  
 Mon Sep 04 2017 14:58:01 GMT+0700 (SE Asia Standard Time)
[debug] [2017-09-04T07:58:01.249Z] >>> HTTP REQUEST GET https://cloudfunctions.googleapis.com/v1beta2/operations/b25lLXRpbWUtcGFzc3dvcmQtZTNhNjgvdXMtY2VudHJhbDEvcmVxdWVzdE9uZVRpbWVQYXNzd29yZC80MVI4N3B0eW5wYw  
 Mon Sep 04 2017 14:58:01 GMT+0700 (SE Asia Standard Time)
[debug] [2017-09-04T07:58:01.249Z] >>> HTTP REQUEST GET https://cloudfunctions.googleapis.com/v1beta2/operations/b25lLXRpbWUtcGFzc3dvcmQtZTNhNjgvdXMtY2VudHJhbDEvdmVyaWZ5UGFzc3dvcmQvTmg1VXFZNjFUbGs  
 Mon Sep 04 2017 14:58:01 GMT+0700 (SE Asia Standard Time)
[debug] [2017-09-04T07:58:02.367Z] <<< HTTP RESPONSE 200
[debug] [2017-09-04T07:58:02.383Z] <<< HTTP RESPONSE 200
[debug] [2017-09-04T07:58:02.383Z] <<< HTTP RESPONSE 200
[debug] [2017-09-04T07:58:02.709Z] <<< HTTP RESPONSE 200
[debug] [2017-09-04T07:58:02.709Z] [functions] operation poll: verifyOneTimePassword: create operations/b25lLXRpbWUtcGFzc3dvcmQtZTNhNjgvdXMtY2VudHJhbDEvdmVyaWZ5T25lVGltZVBhc3N3b3JkL1R2bkRNblExb3Fn is not done.
[debug] [2017-09-04T07:58:02.709Z] [functions] operation poll: createUser: update operations/b25lLXRpbWUtcGFzc3dvcmQtZTNhNjgvdXMtY2VudHJhbDEvY3JlYXRlVXNlci8xZURTOTVqbVlnVQ is done.
[debug] [2017-09-04T07:58:02.709Z] [functions] operation poll: requestOneTimePassword: update operations/b25lLXRpbWUtcGFzc3dvcmQtZTNhNjgvdXMtY2VudHJhbDEvcmVxdWVzdE9uZVRpbWVQYXNzd29yZC80MVI4N3B0eW5wYw is not done.
[debug] [2017-09-04T07:58:02.709Z] [functions] operation poll: verifyPassword: delete operations/b25lLXRpbWUtcGFzc3dvcmQtZTNhNjgvdXMtY2VudHJhbDEvdmVyaWZ5UGFzc3dvcmQvTmg1VXFZNjFUbGs is done.
[debug] [2017-09-04T07:58:07.718Z] >>> HTTP REQUEST GET https://cloudfunctions.googleapis.com/v1beta2/operations/b25lLXRpbWUtcGFzc3dvcmQtZTNhNjgvdXMtY2VudHJhbDEvdmVyaWZ5T25lVGltZVBhc3N3b3JkL1R2bkRNblExb3Fn  
 Mon Sep 04 2017 14:58:07 GMT+0700 (SE Asia Standard Time)
[debug] [2017-09-04T07:58:07.718Z] >>> HTTP REQUEST GET https://cloudfunctions.googleapis.com/v1beta2/operations/b25lLXRpbWUtcGFzc3dvcmQtZTNhNjgvdXMtY2VudHJhbDEvcmVxdWVzdE9uZVRpbWVQYXNzd29yZC80MVI4N3B0eW5wYw  
 Mon Sep 04 2017 14:58:07 GMT+0700 (SE Asia Standard Time)
[debug] [2017-09-04T07:58:08.900Z] <<< HTTP RESPONSE 200
[debug] [2017-09-04T07:58:09.151Z] <<< HTTP RESPONSE 200
[debug] [2017-09-04T07:58:09.152Z] [functions] operation poll: verifyOneTimePassword: create operations/b25lLXRpbWUtcGFzc3dvcmQtZTNhNjgvdXMtY2VudHJhbDEvdmVyaWZ5T25lVGltZVBhc3N3b3JkL1R2bkRNblExb3Fn is not done.
[debug] [2017-09-04T07:58:09.152Z] [functions] operation poll: requestOneTimePassword: update operations/b25lLXRpbWUtcGFzc3dvcmQtZTNhNjgvdXMtY2VudHJhbDEvcmVxdWVzdE9uZVRpbWVQYXNzd29yZC80MVI4N3B0eW5wYw is done.
[debug] [2017-09-04T07:58:14.152Z] >>> HTTP REQUEST GET https://cloudfunctions.googleapis.com/v1beta2/operations/b25lLXRpbWUtcGFzc3dvcmQtZTNhNjgvdXMtY2VudHJhbDEvdmVyaWZ5T25lVGltZVBhc3N3b3JkL1R2bkRNblExb3Fn  
 Mon Sep 04 2017 14:58:14 GMT+0700 (SE Asia Standard Time)
[debug] [2017-09-04T07:58:15.560Z] <<< HTTP RESPONSE 200
[debug] [2017-09-04T07:58:15.560Z] [functions] operation poll: verifyOneTimePassword: create operations/b25lLXRpbWUtcGFzc3dvcmQtZTNhNjgvdXMtY2VudHJhbDEvdmVyaWZ5T25lVGltZVBhc3N3b3JkL1R2bkRNblExb3Fn is done.
[info] +  functions[verifyOneTimePassword]: Successful create operation. 
[info] +  functions[createUser]: Successful update operation. 
[info] +  functions[requestOneTimePassword]: Successful update operation. 
[info] +  functions[createPassword]: Successful delete operation. 
[info] +  functions[verifyPassword]: Successful delete operation. 
[info] +  functions: all functions deployed successfully!
[info] 
[info] +  Deploy complete!
[info] 
[info] Project Console: https://console.firebase.google.com/project/one-time-password-e3a68/overview
[info] Function URL (verifyOneTimePassword): https://us-central1-one-time-password-e3a68.cloudfunctions.net/verifyOneTimePassword
[info] Function URL (createUser): https://us-central1-one-time-password-e3a68.cloudfunctions.net/createUser
[info] Function URL (requestOneTimePassword): https://us-central1-one-time-password-e3a68.cloudfunctions.net/requestOneTimePassword
